  cube.cpp
  lodepng.cpp
C:\D\Politechnika\Sem4\Grafika\3D-FPS-OpenGL\src\lodepng.cpp(762,10): warning C4334: "<<": wynik 32-bitowe przesunięcia niejawnie skonwertowano do 64 bitów (czy 64-bitowe przesunięcie było zamierzone?)
C:\D\Politechnika\Sem4\Grafika\3D-FPS-OpenGL\src\lodepng.cpp(1422,25): warning C4267: "=": konwersja z "size_t" do "int", możliwa utrata danych
C:\D\Politechnika\Sem4\Grafika\3D-FPS-OpenGL\src\lodepng.cpp(1426,27): warning C4267: "=": konwersja z "size_t" do "int", możliwa utrata danych
C:\D\Politechnika\Sem4\Grafika\3D-FPS-OpenGL\src\lodepng.cpp(1498,32): warning C4267: "=": konwersja z "size_t" do "unsigned int", możliwa utrata danych
C:\D\Politechnika\Sem4\Grafika\3D-FPS-OpenGL\src\lodepng.cpp(3441,25): warning C4334: "<<": wynik 32-bitowe przesunięcia niejawnie skonwertowano do 64 bitów (czy 64-bitowe przesunięcie było zamierzone?)
C:\D\Politechnika\Sem4\Grafika\3D-FPS-OpenGL\src\lodepng.cpp(3455,53): warning C4267: "argument": konwersja z "size_t" do "unsigned int", możliwa utrata danych
C:\D\Politechnika\Sem4\Grafika\3D-FPS-OpenGL\src\lodepng.cpp(4262,26): warning C4267: "=": konwersja z "size_t" do "unsigned int", możliwa utrata danych
C:\D\Politechnika\Sem4\Grafika\3D-FPS-OpenGL\src\lodepng.cpp(4310,26): warning C4267: "=": konwersja z "size_t" do "unsigned int", możliwa utrata danych
C:\D\Politechnika\Sem4\Grafika\3D-FPS-OpenGL\src\lodepng.cpp(4390,26): warning C4267: "=": konwersja z "size_t" do "unsigned int", możliwa utrata danych
C:\D\Politechnika\Sem4\Grafika\3D-FPS-OpenGL\src\lodepng.cpp(5329,27): warning C4267: "inicjowanie": konwersja z "size_t" do "unsigned int", możliwa utrata danych
  main_file.cpp
C:\D\Politechnika\Sem4\Grafika\3D-FPS-OpenGL\src\main_file.cpp(109,18): warning C4244: "+=": konwersja z "double" do "float", możliwa utrata danych
  model.cpp
  shaderprogram.cpp
C:\D\Politechnika\Sem4\Grafika\3D-FPS-OpenGL\src\shaderprogram.cpp(56,15): warning C4267: "inicjowanie": konwersja z "size_t" do "int", możliwa utrata danych
  sphere.cpp
C:\D\Politechnika\Sem4\Grafika\3D-FPS-OpenGL\src\sphere.cpp(119,36): warning C4267: "=": konwersja z "size_t" do "int", możliwa utrata danych
  teapot.cpp
  torus.cpp
C:\D\Politechnika\Sem4\Grafika\3D-FPS-OpenGL\src\torus.cpp(119,36): warning C4267: "=": konwersja z "size_t" do "int", możliwa utrata danych
  Generowanie kodu...
glew32s.lib(glew.obj) : warning LNK4099: nie znaleziono pliku PDB „” z elementem „glew32s.lib(glew.obj)” lub w pozycji „”; obiekt zostanie skonsolidowany bez informacji debugowania
  cgv_st_02_win.vcxproj -> C:\D\Politechnika\Sem4\Grafika\3D-FPS-OpenGL\src\x64\Debug\3D-FPS-OpenGL.exe
